

times in msec
 clock   self+sourced   self:  sourced script
 clock   elapsed:              other lines

000.012  000.012: --- NVIM STARTING ---
000.354  000.343: locale set
000.695  000.341: inits 1
000.710  000.015: window checked
003.983  003.273: parsing arguments
004.026  000.043: expanding arguments
004.043  000.017: inits 2
004.366  000.323: init highlight
004.367  000.001: waiting for UI
005.051  000.684: done waiting for UI
005.068  000.018: init screen for UI
005.085  000.016: init default mappings
005.170  000.086: init default autocommands
005.240  000.015  000.015: sourcing /usr/share/nvim/archlinux.vim
005.245  000.050  000.036: sourcing /etc/xdg/nvim/sysinit.vim
049.314  044.044  044.044: sourcing /home/c/.config/nvim/init.lua
049.329  000.064: sourcing vimrc file(s)
049.394  000.029  000.029: sourcing /home/c/.local/share/nvim/site/pack/packer/start/filetype.nvim/filetype.vim
049.440  000.014  000.014: sourcing /usr/share/nvim/runtime/filetype.vim
049.514  000.030  000.030: sourcing /usr/share/nvim/runtime/ftplugin.vim
049.580  000.022  000.022: sourcing /usr/share/nvim/runtime/indent.vim
049.731  000.067  000.067: sourcing /usr/share/nvim/runtime/syntax/synload.vim
049.816  000.205  000.138: sourcing /usr/share/nvim/runtime/syntax/syntax.vim
050.704  000.016  000.016: sourcing /usr/share/nvim/runtime/plugin/gzip.vim
050.730  000.010  000.010: sourcing /usr/share/nvim/runtime/plugin/health.vim
050.777  000.034  000.034: sourcing /usr/share/nvim/runtime/plugin/man.vim
050.804  000.012  000.012: sourcing /usr/share/nvim/runtime/plugin/matchit.vim
050.944  000.125  000.125: sourcing /usr/share/nvim/runtime/plugin/matchparen.vim
050.977  000.017  000.017: sourcing /usr/share/nvim/runtime/plugin/netrwPlugin.vim
051.105  000.009  000.009: sourcing /home/c/.local/share/nvim/rplugin.vim
051.111  000.121  000.112: sourcing /usr/share/nvim/runtime/plugin/rplugin.vim
051.177  000.053  000.053: sourcing /usr/share/nvim/runtime/plugin/shada.vim
051.210  000.011  000.011: sourcing /usr/share/nvim/runtime/plugin/spellfile.vim
051.244  000.015  000.015: sourcing /usr/share/nvim/runtime/plugin/tarPlugin.vim
051.271  000.010  000.010: sourcing /usr/share/nvim/runtime/plugin/tohtml.vim
051.303  000.016  000.016: sourcing /usr/share/nvim/runtime/plugin/tutor.vim
051.334  000.015  000.015: sourcing /usr/share/nvim/runtime/plugin/zipPlugin.vim
051.860  000.460  000.460: sourcing /usr/share/vim/vimfiles/plugin/fzf.vim
052.750  000.024  000.024: sourcing /home/c/.local/share/nvim/site/pack/packer/opt/orgmode/ftdetect/filetype.lua
052.785  000.012  000.012: sourcing /home/c/.local/share/nvim/site/pack/packer/opt/orgmode/ftdetect/org.vim
052.818  000.014  000.014: sourcing /home/c/.local/share/nvim/site/pack/packer/opt/orgmode/ftdetect/org_archive.vim
052.823  000.879  000.829: sourcing /home/c/.config/nvim/plugin/packer_compiled.lua
053.014  001.589: loading rtp plugins
053.706  000.543  000.543: sourcing /home/c/.local/share/nvim/site/pack/packer/start/nvim-treesitter/plugin/nvim-treesitter.vim
053.883  000.326: loading packages
054.324  000.440: loading after plugins
054.336  000.013: inits 3
055.499  001.163: reading ShaDa
057.387  000.061  000.061: sourcing /usr/share/nvim/runtime/ftplugin/lua.vim
058.021  000.035  000.035: sourcing /usr/share/nvim/runtime/indent/lua.vim
058.737  000.554  000.554: sourcing /usr/share/nvim/runtime/syntax/lua.vim
067.360  000.207  000.207: sourcing /home/c/.local/share/nvim/site/pack/packer/opt/targets.vim/plugin/targets.vim
068.463  000.885  000.885: sourcing /home/c/.local/share/nvim/site/pack/packer/opt/indent-blankline.nvim/plugin/indent_blankline.vim
070.231  001.016  001.016: sourcing /home/c/.local/share/nvim/site/pack/packer/opt/lightspeed.nvim/plugin/lightspeed.vim
070.959  000.279  000.279: sourcing /home/c/.local/share/nvim/site/pack/packer/opt/vim-surround/plugin/surround.vim
071.341  000.161  000.161: sourcing /home/c/.local/share/nvim/site/pack/packer/opt/vim-commentary/plugin/commentary.vim
072.532  000.653  000.653: sourcing /home/c/.local/share/nvim/site/pack/packer/opt/nvim-cmp/plugin/cmp.lua
073.068  000.149  000.149: sourcing /home/c/.local/share/nvim/site/pack/packer/opt/LuaSnip/plugin/luasnip.vim
073.161  000.014  000.014: sourcing /home/c/.local/share/nvim/site/pack/packer/opt/LuaSnip/ftdetect/snippets.vim
073.480  000.102  000.102: sourcing /home/c/.local/share/nvim/site/pack/packer/opt/cmp_luasnip/after/plugin/cmp_luasnip.lua
073.724  000.072  000.072: sourcing /home/c/.local/share/nvim/site/pack/packer/opt/cmp-nvim-lua/after/plugin/cmp_nvim_lua.lua
074.020  000.127  000.127: sourcing /home/c/.local/share/nvim/site/pack/packer/opt/cmp-nvim-lsp/after/plugin/cmp_nvim_lsp.lua
074.323  000.131  000.131: sourcing /home/c/.local/share/nvim/site/pack/packer/opt/cmp-buffer/after/plugin/cmp_buffer.lua
074.584  000.090  000.090: sourcing /home/c/.local/share/nvim/site/pack/packer/opt/cmp-path/after/plugin/cmp_path.lua
074.922  000.028  000.028: sourcing /home/c/.local/share/nvim/site/pack/packer/opt/nvim-colorizer.lua/plugin/colorizer.vim
075.933  015.871: opening buffers
076.097  000.164: BufEnter autocommands
076.100  000.003: editing files in windows
076.283  000.013  000.013: sourcing /home/c/.local/share/nvim/site/pack/packer/opt/which-key.nvim/plugin/which-key.vim
088.879  000.023  000.023: sourcing /home/c/.local/share/nvim/site/pack/packer/opt/todo-comments.nvim/plugin/todo.vim
090.600  000.035  000.035: sourcing /home/c/.local/share/nvim/site/pack/packer/opt/nvim-web-devicons/plugin/nvim-web-devicons.vim
092.659  016.488: VimEnter autocommands
092.662  000.003: UIEnter autocommands
093.909  000.590  000.590: sourcing /usr/share/nvim/runtime/autoload/provider/clipboard.vim
093.916  000.665: before starting main loop
100.443  006.527: first screen update
100.448  000.005: --- NVIM STARTED ---
